<?xml version="1.0" encoding="UTF-8"?>
<!-- Generated by org.testng.reporters.JUnitReportReporter -->
<testsuite hostname="LAPTOP-6DDM9QUU" failures="0" tests="1" name="com.Test.Test_1" time="26.127" errors="0" timestamp="2022-12-08T20:16:56 IST" skipped="0">
  <testcase classname="com.Test.Test_1" name="VerifyLoginPage" time="26.127"/>
  <system-out/>
</testsuite> <!-- com.Test.Test_1 -->
